This file contains any messages produced by compilers while
running configure, to aid debugging if configure makes a mistake.

It was created by gparted configure 0.31.0, which was
generated by GNU Autoconf 2.69.  Invocation command line was

  $ ./configure 

## --------- ##
## Platform. ##
## --------- ##

hostname = Banane
uname -m = x86_64
uname -r = 4.9.0-6-amd64
uname -s = Linux
uname -v = #1 SMP Debian 4.9.82-1+deb9u3 (2018-03-02)

/usr/bin/uname -p = unknown
/bin/uname -X     = unknown

/bin/arch              = unknown
/usr/bin/arch -k       = unknown
/usr/convex/getsysinfo = unknown
/usr/bin/hostinfo      = unknown
/bin/machine           = unknown
/usr/bin/oslevel       = unknown
/bin/universe          = unknown

PATH: ~/.env/prog/cmake-3.11.0-rc4/bin
PATH: ~/.env/bin
PATH: /usr/local/bin/
PATH: /usr/bin
PATH: /bin
PATH: /usr/local/games
PATH: /usr/games


## ----------- ##
## Core tests. ##
## ----------- ##

configure:2539: checking for a BSD-compatible install
configure:2607: result: /usr/bin/install -c
configure:2618: checking whether build environment is sane
configure:2673: result: yes
configure:2824: checking for a thread-safe mkdir -p
configure:2863: result: /bin/mkdir -p
configure:2870: checking for gawk
configure:2886: found /usr/bin/gawk
configure:2897: result: gawk
configure:2908: checking whether make sets $(MAKE)
configure:2930: result: yes
configure:2959: checking whether make supports nested variables
configure:2976: result: yes
configure:3103: checking whether to enable maintainer-specific portions of Makefiles
configure:3112: result: no
configure:3185: checking for g++
configure:3201: found /usr/bin/g++
configure:3212: result: g++
configure:3239: checking for C++ compiler version
configure:3248: g++ --version >&5
g++ (Debian 6.3.0-18+deb9u1) 6.3.0 20170516
Copyright (C) 2016 Free Software Foundation, Inc.
This is free software; see the source for copying conditions.  There is NO
warranty; not even for MERCHANTABILITY or FITNESS FOR A PARTICULAR PURPOSE.

configure:3259: $? = 0
configure:3248: g++ -v >&5
Using built-in specs.
COLLECT_GCC=g++
COLLECT_LTO_WRAPPER=/usr/lib/gcc/x86_64-linux-gnu/6/lto-wrapper
Target: x86_64-linux-gnu
Configured with: ../src/configure -v --with-pkgversion='Debian 6.3.0-18+deb9u1' --with-bugurl=file:///usr/share/doc/gcc-6/README.Bugs --enable-languages=c,ada,c++,java,go,d,fortran,objc,obj-c++ --prefix=/usr --program-suffix=-6 --program-prefix=x86_64-linux-gnu- --enable-shared --enable-linker-build-id --libexecdir=/usr/lib --without-included-gettext --enable-threads=posix --libdir=/usr/lib --enable-nls --with-sysroot=/ --enable-clocale=gnu --enable-libstdcxx-debug --enable-libstdcxx-time=yes --with-default-libstdcxx-abi=new --enable-gnu-unique-object --disable-vtable-verify --enable-libmpx --enable-plugin --enable-default-pie --with-system-zlib --disable-browser-plugin --enable-java-awt=gtk --enable-gtk-cairo --with-java-home=/usr/lib/jvm/java-1.5.0-gcj-6-amd64/jre --enable-java-home --with-jvm-root-dir=/usr/lib/jvm/java-1.5.0-gcj-6-amd64 --with-jvm-jar-dir=/usr/lib/jvm-exports/java-1.5.0-gcj-6-amd64 --with-arch-directory=amd64 --with-ecj-jar=/usr/share/java/eclipse-ecj.jar --with-target-system-zlib --enable-objc-gc=auto --enable-multiarch --with-arch-32=i686 --with-abi=m64 --with-multilib-list=m32,m64,mx32 --enable-multilib --with-tune=generic --enable-checking=release --build=x86_64-linux-gnu --host=x86_64-linux-gnu --target=x86_64-linux-gnu
Thread model: posix
gcc version 6.3.0 20170516 (Debian 6.3.0-18+deb9u1) 
configure:3259: $? = 0
configure:3248: g++ -V >&5
g++: error: unrecognized command line option '-V'
g++: fatal error: no input files
compilation terminated.
configure:3259: $? = 1
configure:3248: g++ -qversion >&5
g++: error: unrecognized command line option '-qversion'; did you mean '--version'?
g++: fatal error: no input files
compilation terminated.
configure:3259: $? = 1
configure:3279: checking whether the C++ compiler works
configure:3301: g++    conftest.cpp  >&5
configure:3305: $? = 0
configure:3353: result: yes
configure:3356: checking for C++ compiler default output file name
configure:3358: result: a.out
configure:3364: checking for suffix of executables
configure:3371: g++ -o conftest    conftest.cpp  >&5
configure:3375: $? = 0
configure:3397: result: 
configure:3419: checking whether we are cross compiling
configure:3427: g++ -o conftest    conftest.cpp  >&5
configure:3431: $? = 0
configure:3438: ./conftest
configure:3442: $? = 0
configure:3457: result: no
configure:3462: checking for suffix of object files
configure:3484: g++ -c   conftest.cpp >&5
configure:3488: $? = 0
configure:3509: result: o
configure:3513: checking whether we are using the GNU C++ compiler
configure:3532: g++ -c   conftest.cpp >&5
configure:3532: $? = 0
configure:3541: result: yes
configure:3550: checking whether g++ accepts -g
configure:3570: g++ -c -g  conftest.cpp >&5
configure:3570: $? = 0
configure:3611: result: yes
configure:3645: checking for style of include used by make
configure:3673: result: GNU
configure:3699: checking dependency style of g++
configure:3810: result: gcc3
configure:3873: checking for gcc
configure:3889: found /usr/bin/gcc
configure:3900: result: gcc
configure:4129: checking for C compiler version
configure:4138: gcc --version >&5
gcc (Debian 6.3.0-18+deb9u1) 6.3.0 20170516
Copyright (C) 2016 Free Software Foundation, Inc.
This is free software; see the source for copying conditions.  There is NO
warranty; not even for MERCHANTABILITY or FITNESS FOR A PARTICULAR PURPOSE.

configure:4149: $? = 0
configure:4138: gcc -v >&5
Using built-in specs.
COLLECT_GCC=gcc
COLLECT_LTO_WRAPPER=/usr/lib/gcc/x86_64-linux-gnu/6/lto-wrapper
Target: x86_64-linux-gnu
Configured with: ../src/configure -v --with-pkgversion='Debian 6.3.0-18+deb9u1' --with-bugurl=file:///usr/share/doc/gcc-6/README.Bugs --enable-languages=c,ada,c++,java,go,d,fortran,objc,obj-c++ --prefix=/usr --program-suffix=-6 --program-prefix=x86_64-linux-gnu- --enable-shared --enable-linker-build-id --libexecdir=/usr/lib --without-included-gettext --enable-threads=posix --libdir=/usr/lib --enable-nls --with-sysroot=/ --enable-clocale=gnu --enable-libstdcxx-debug --enable-libstdcxx-time=yes --with-default-libstdcxx-abi=new --enable-gnu-unique-object --disable-vtable-verify --enable-libmpx --enable-plugin --enable-default-pie --with-system-zlib --disable-browser-plugin --enable-java-awt=gtk --enable-gtk-cairo --with-java-home=/usr/lib/jvm/java-1.5.0-gcj-6-amd64/jre --enable-java-home --with-jvm-root-dir=/usr/lib/jvm/java-1.5.0-gcj-6-amd64 --with-jvm-jar-dir=/usr/lib/jvm-exports/java-1.5.0-gcj-6-amd64 --with-arch-directory=amd64 --with-ecj-jar=/usr/share/java/eclipse-ecj.jar --with-target-system-zlib --enable-objc-gc=auto --enable-multiarch --with-arch-32=i686 --with-abi=m64 --with-multilib-list=m32,m64,mx32 --enable-multilib --with-tune=generic --enable-checking=release --build=x86_64-linux-gnu --host=x86_64-linux-gnu --target=x86_64-linux-gnu
Thread model: posix
gcc version 6.3.0 20170516 (Debian 6.3.0-18+deb9u1) 
configure:4149: $? = 0
configure:4138: gcc -V >&5
gcc: error: unrecognized command line option '-V'
gcc: fatal error: no input files
compilation terminated.
configure:4149: $? = 1
configure:4138: gcc -qversion >&5
gcc: error: unrecognized command line option '-qversion'; did you mean '--version'?
gcc: fatal error: no input files
compilation terminated.
configure:4149: $? = 1
configure:4153: checking whether we are using the GNU C compiler
configure:4172: gcc -c   conftest.c >&5
configure:4172: $? = 0
configure:4181: result: yes
configure:4190: checking whether gcc accepts -g
configure:4210: gcc -c -g  conftest.c >&5
configure:4210: $? = 0
configure:4251: result: yes
configure:4268: checking for gcc option to accept ISO C89
configure:4331: gcc  -c -g -O2  conftest.c >&5
configure:4331: $? = 0
configure:4344: result: none needed
configure:4369: checking whether gcc understands -c and -o together
configure:4391: gcc -c conftest.c -o conftest2.o
configure:4394: $? = 0
configure:4391: gcc -c conftest.c -o conftest2.o
configure:4394: $? = 0
configure:4406: result: yes
configure:4425: checking dependency style of gcc
configure:4536: result: gcc3
configure:4580: checking build system type
configure:4594: result: x86_64-pc-linux-gnu
configure:4614: checking host system type
configure:4627: result: x86_64-pc-linux-gnu
configure:4668: checking how to print strings
configure:4695: result: printf
configure:4716: checking for a sed that does not truncate output
configure:4780: result: /bin/sed
configure:4798: checking for grep that handles long lines and -e
configure:4856: result: /bin/grep
configure:4861: checking for egrep
configure:4923: result: /bin/grep -E
configure:4928: checking for fgrep
configure:4990: result: /bin/grep -F
configure:5025: checking for ld used by gcc
configure:5092: result: /usr/bin/ld
configure:5099: checking if the linker (/usr/bin/ld) is GNU ld
configure:5114: result: yes
configure:5126: checking for BSD- or MS-compatible name lister (nm)
configure:5180: result: /usr/bin/nm -B
configure:5310: checking the name lister (/usr/bin/nm -B) interface
configure:5317: gcc -c -g -O2  conftest.c >&5
configure:5320: /usr/bin/nm -B "conftest.o"
configure:5323: output
0000000000000000 B some_variable
configure:5330: result: BSD nm
configure:5333: checking whether ln -s works
configure:5337: result: yes
configure:5345: checking the maximum length of command line arguments
configure:5476: result: 1572864
configure:5524: checking how to convert x86_64-pc-linux-gnu file names to x86_64-pc-linux-gnu format
configure:5564: result: func_convert_file_noop
configure:5571: checking how to convert x86_64-pc-linux-gnu file names to toolchain format
configure:5591: result: func_convert_file_noop
configure:5598: checking for /usr/bin/ld option to reload object files
configure:5605: result: -r
configure:5679: checking for objdump
configure:5695: found /usr/bin/objdump
configure:5706: result: objdump
configure:5738: checking how to recognize dependent libraries
configure:5938: result: pass_all
configure:6023: checking for dlltool
configure:6053: result: no
configure:6083: checking how to associate runtime and link libraries
configure:6110: result: printf %s\n
configure:6171: checking for ar
configure:6187: found /usr/bin/ar
configure:6198: result: ar
configure:6235: checking for archiver @FILE support
configure:6252: gcc -c -g -O2  conftest.c >&5
configure:6252: $? = 0
configure:6255: ar cru libconftest.a @conftest.lst >&5
ar: `u' modifier ignored since `D' is the default (see `U')
configure:6258: $? = 0
configure:6263: ar cru libconftest.a @conftest.lst >&5
ar: `u' modifier ignored since `D' is the default (see `U')
ar: conftest.o: No such file or directory
configure:6266: $? = 1
configure:6278: result: @
configure:6336: checking for strip
configure:6352: found /usr/bin/strip
configure:6363: result: strip
configure:6435: checking for ranlib
configure:6451: found /usr/bin/ranlib
configure:6462: result: ranlib
configure:6564: checking command to parse /usr/bin/nm -B output from gcc object
configure:6717: gcc -c -g -O2  conftest.c >&5
configure:6720: $? = 0
configure:6724: /usr/bin/nm -B conftest.o \| sed -n -e 's/^.*[ ]\([ABCDGIRSTW][ABCDGIRSTW]*\)[ ][ ]*\([_A-Za-z][_A-Za-z0-9]*\)$/\1 \2 \2/p' | sed '/ __gnu_lto/d' \> conftest.nm
configure:6727: $? = 0
configure:6793: gcc -o conftest -g -O2   conftest.c conftstm.o >&5
configure:6796: $? = 0
configure:6834: result: ok
configure:6881: checking for sysroot
configure:6911: result: no
configure:6918: checking for a working dd
configure:6956: result: /bin/dd
configure:6960: checking how to truncate binary pipes
configure:6975: result: /bin/dd bs=4096 count=1
configure:7111: gcc -c -g -O2  conftest.c >&5
configure:7114: $? = 0
configure:7304: checking for mt
configure:7320: found /bin/mt
configure:7331: result: mt
configure:7354: checking if mt is a manifest tool
configure:7360: mt '-?'
configure:7368: result: no
configure:8045: checking how to run the C preprocessor
configure:8076: gcc -E  conftest.c
configure:8076: $? = 0
configure:8090: gcc -E  conftest.c
conftest.c:11:28: fatal error: ac_nonexistent.h: No such file or directory
 #include <ac_nonexistent.h>
                            ^
compilation terminated.
configure:8090: $? = 1
configure: failed program was:
| /* confdefs.h */
| #define PACKAGE_NAME "gparted"
| #define PACKAGE_TARNAME "gparted"
| #define PACKAGE_VERSION "0.31.0"
| #define PACKAGE_STRING "gparted 0.31.0"
| #define PACKAGE_BUGREPORT "https://bugzilla.gnome.org/enter_bug.cgi?product=gparted"
| #define PACKAGE_URL ""
| #define PACKAGE "gparted"
| #define VERSION "0.31.0"
| /* end confdefs.h.  */
| #include <ac_nonexistent.h>
configure:8115: result: gcc -E
configure:8135: gcc -E  conftest.c
configure:8135: $? = 0
configure:8149: gcc -E  conftest.c
conftest.c:11:28: fatal error: ac_nonexistent.h: No such file or directory
 #include <ac_nonexistent.h>
                            ^
compilation terminated.
configure:8149: $? = 1
configure: failed program was:
| /* confdefs.h */
| #define PACKAGE_NAME "gparted"
| #define PACKAGE_TARNAME "gparted"
| #define PACKAGE_VERSION "0.31.0"
| #define PACKAGE_STRING "gparted 0.31.0"
| #define PACKAGE_BUGREPORT "https://bugzilla.gnome.org/enter_bug.cgi?product=gparted"
| #define PACKAGE_URL ""
| #define PACKAGE "gparted"
| #define VERSION "0.31.0"
| /* end confdefs.h.  */
| #include <ac_nonexistent.h>
configure:8178: checking for ANSI C header files
configure:8198: gcc -c -g -O2  conftest.c >&5
configure:8198: $? = 0
configure:8271: gcc -o conftest -g -O2   conftest.c  >&5
configure:8271: $? = 0
configure:8271: ./conftest
configure:8271: $? = 0
configure:8282: result: yes
configure:8295: checking for sys/types.h
configure:8295: gcc -c -g -O2  conftest.c >&5
configure:8295: $? = 0
configure:8295: result: yes
configure:8295: checking for sys/stat.h
configure:8295: gcc -c -g -O2  conftest.c >&5
configure:8295: $? = 0
configure:8295: result: yes
configure:8295: checking for stdlib.h
configure:8295: gcc -c -g -O2  conftest.c >&5
configure:8295: $? = 0
configure:8295: result: yes
configure:8295: checking for string.h
configure:8295: gcc -c -g -O2  conftest.c >&5
configure:8295: $? = 0
configure:8295: result: yes
configure:8295: checking for memory.h
configure:8295: gcc -c -g -O2  conftest.c >&5
configure:8295: $? = 0
configure:8295: result: yes
configure:8295: checking for strings.h
configure:8295: gcc -c -g -O2  conftest.c >&5
configure:8295: $? = 0
configure:8295: result: yes
configure:8295: checking for inttypes.h
configure:8295: gcc -c -g -O2  conftest.c >&5
configure:8295: $? = 0
configure:8295: result: yes
configure:8295: checking for stdint.h
configure:8295: gcc -c -g -O2  conftest.c >&5
configure:8295: $? = 0
configure:8295: result: yes
configure:8295: checking for unistd.h
configure:8295: gcc -c -g -O2  conftest.c >&5
configure:8295: $? = 0
configure:8295: result: yes
configure:8309: checking for dlfcn.h
configure:8309: gcc -c -g -O2  conftest.c >&5
configure:8309: $? = 0
configure:8309: result: yes
configure:8576: checking for objdir
configure:8591: result: .libs
configure:8855: checking if gcc supports -fno-rtti -fno-exceptions
configure:8873: gcc -c -g -O2  -fno-rtti -fno-exceptions conftest.c >&5
cc1: warning: command line option '-fno-rtti' is valid for C++/ObjC++ but not for C
configure:8877: $? = 0
configure:8890: result: no
configure:9248: checking for gcc option to produce PIC
configure:9255: result: -fPIC -DPIC
configure:9263: checking if gcc PIC flag -fPIC -DPIC works
configure:9281: gcc -c -g -O2  -fPIC -DPIC -DPIC conftest.c >&5
configure:9285: $? = 0
configure:9298: result: yes
configure:9327: checking if gcc static flag -static works
configure:9355: result: yes
configure:9370: checking if gcc supports -c -o file.o
configure:9391: gcc -c -g -O2  -o out/conftest2.o conftest.c >&5
configure:9395: $? = 0
configure:9417: result: yes
configure:9425: checking if gcc supports -c -o file.o
configure:9472: result: yes
configure:9505: checking whether the gcc linker (/usr/bin/ld -m elf_x86_64) supports shared libraries
configure:10768: result: yes
configure:10805: checking whether -lc should be explicitly linked in
configure:10813: gcc -c -g -O2  conftest.c >&5
configure:10816: $? = 0
configure:10831: gcc -shared  -fPIC -DPIC conftest.o  -v -Wl,-soname -Wl,conftest -o conftest 2\>\&1 \| /bin/grep  -lc  \>/dev/null 2\>\&1
configure:10834: $? = 0
configure:10848: result: no
configure:11008: checking dynamic linker characteristics
configure:11589: gcc -o conftest -g -O2   -Wl,-rpath -Wl,/foo conftest.c  >&5
configure:11589: $? = 0
configure:11838: result: GNU/Linux ld.so
configure:11960: checking how to hardcode library paths into programs
configure:11985: result: immediate
configure:12533: checking whether stripping libraries is possible
configure:12538: result: yes
configure:12573: checking if libtool supports shared libraries
configure:12575: result: yes
configure:12578: checking whether to build shared libraries
configure:12603: result: yes
configure:12606: checking whether to build static libraries
configure:12610: result: yes
configure:12633: checking how to run the C++ preprocessor
configure:12660: g++ -E  conftest.cpp
configure:12660: $? = 0
configure:12674: g++ -E  conftest.cpp
conftest.cpp:23:28: fatal error: ac_nonexistent.h: No such file or directory
 #include <ac_nonexistent.h>
                            ^
compilation terminated.
configure:12674: $? = 1
configure: failed program was:
| /* confdefs.h */
| #define PACKAGE_NAME "gparted"
| #define PACKAGE_TARNAME "gparted"
| #define PACKAGE_VERSION "0.31.0"
| #define PACKAGE_STRING "gparted 0.31.0"
| #define PACKAGE_BUGREPORT "https://bugzilla.gnome.org/enter_bug.cgi?product=gparted"
| #define PACKAGE_URL ""
| #define PACKAGE "gparted"
| #define VERSION "0.31.0"
| #define STDC_HEADERS 1
| #define HAVE_SYS_TYPES_H 1
| #define HAVE_SYS_STAT_H 1
| #define HAVE_STDLIB_H 1
| #define HAVE_STRING_H 1
| #define HAVE_MEMORY_H 1
| #define HAVE_STRINGS_H 1
| #define HAVE_INTTYPES_H 1
| #define HAVE_STDINT_H 1
| #define HAVE_UNISTD_H 1
| #define HAVE_DLFCN_H 1
| #define LT_OBJDIR ".libs/"
| /* end confdefs.h.  */
| #include <ac_nonexistent.h>
configure:12699: result: g++ -E
configure:12719: g++ -E  conftest.cpp
configure:12719: $? = 0
configure:12733: g++ -E  conftest.cpp
conftest.cpp:23:28: fatal error: ac_nonexistent.h: No such file or directory
 #include <ac_nonexistent.h>
                            ^
compilation terminated.
configure:12733: $? = 1
configure: failed program was:
| /* confdefs.h */
| #define PACKAGE_NAME "gparted"
| #define PACKAGE_TARNAME "gparted"
| #define PACKAGE_VERSION "0.31.0"
| #define PACKAGE_STRING "gparted 0.31.0"
| #define PACKAGE_BUGREPORT "https://bugzilla.gnome.org/enter_bug.cgi?product=gparted"
| #define PACKAGE_URL ""
| #define PACKAGE "gparted"
| #define VERSION "0.31.0"
| #define STDC_HEADERS 1
| #define HAVE_SYS_TYPES_H 1
| #define HAVE_SYS_STAT_H 1
| #define HAVE_STDLIB_H 1
| #define HAVE_STRING_H 1
| #define HAVE_MEMORY_H 1
| #define HAVE_STRINGS_H 1
| #define HAVE_INTTYPES_H 1
| #define HAVE_STDINT_H 1
| #define HAVE_UNISTD_H 1
| #define HAVE_DLFCN_H 1
| #define LT_OBJDIR ".libs/"
| /* end confdefs.h.  */
| #include <ac_nonexistent.h>
configure:12895: checking for ld used by g++
configure:12962: result: /usr/bin/ld -m elf_x86_64
configure:12969: checking if the linker (/usr/bin/ld -m elf_x86_64) is GNU ld
configure:12984: result: yes
configure:13039: checking whether the g++ linker (/usr/bin/ld -m elf_x86_64) supports shared libraries
configure:14112: result: yes
configure:14148: g++ -c -g -O2  conftest.cpp >&5
configure:14151: $? = 0
configure:14632: checking for g++ option to produce PIC
configure:14639: result: -fPIC -DPIC
configure:14647: checking if g++ PIC flag -fPIC -DPIC works
configure:14665: g++ -c -g -O2  -fPIC -DPIC -DPIC conftest.cpp >&5
configure:14669: $? = 0
configure:14682: result: yes
configure:14705: checking if g++ static flag -static works
configure:14733: result: yes
configure:14745: checking if g++ supports -c -o file.o
configure:14766: g++ -c -g -O2  -o out/conftest2.o conftest.cpp >&5
configure:14770: $? = 0
configure:14792: result: yes
configure:14797: checking if g++ supports -c -o file.o
configure:14844: result: yes
configure:14874: checking whether the g++ linker (/usr/bin/ld -m elf_x86_64) supports shared libraries
configure:14917: result: yes
configure:15058: checking dynamic linker characteristics
configure:15815: result: GNU/Linux ld.so
configure:15880: checking how to hardcode library paths into programs
configure:15905: result: immediate
configure:15970: checking for gawk
configure:15997: result: gawk
configure:16062: checking for pkg-config
configure:16080: found /usr/bin/pkg-config
configure:16092: result: /usr/bin/pkg-config
configure:16117: checking pkg-config is at least version 0.9.0
configure:16120: result: yes
configure:16129: $PKG_CONFIG --exists --print-errors ""
Must specify package names on the command line
configure:16132: $? = 1
configure:16147: checking for pkexec >= 0.102
configure:16156: result: 0.105 found
configure:16229: checking locale.h usability
configure:16229: gcc -c -g -O2  conftest.c >&5
configure:16229: $? = 0
configure:16229: result: yes
configure:16229: checking locale.h presence
configure:16229: gcc -E  conftest.c
configure:16229: $? = 0
configure:16229: result: yes
configure:16229: checking for locale.h
configure:16229: result: yes
configure:16240: checking for LC_MESSAGES
configure:16256: gcc -o conftest -g -O2   conftest.c  >&5
configure:16256: $? = 0
configure:16264: result: yes
configure:16281: checking libintl.h usability
configure:16281: gcc -c -g -O2  conftest.c >&5
configure:16281: $? = 0
configure:16281: result: yes
configure:16281: checking libintl.h presence
configure:16281: gcc -E  conftest.c
configure:16281: $? = 0
configure:16281: result: yes
configure:16281: checking for libintl.h
configure:16281: result: yes
configure:16289: checking for ngettext in libc
configure:16307: gcc -o conftest -g -O2   conftest.c  >&5
configure:16307: $? = 0
configure:16316: result: yes
configure:16320: checking for dgettext in libc
configure:16338: gcc -o conftest -g -O2   conftest.c  >&5
configure:16338: $? = 0
configure:16347: result: yes
configure:16354: checking for bind_textdomain_codeset
configure:16354: gcc -o conftest -g -O2   conftest.c  >&5
configure:16354: $? = 0
configure:16354: result: yes
configure:16630: checking for msgfmt
configure:16660: result: no
configure:16935: checking whether NLS is requested
configure:16944: result: yes
configure:16962: checking for intltool >= 0.36.0
configure:16964: result:  found
configure:16967: error: Your intltool is too old.  You need intltool 0.36.0 or later.

## ---------------- ##
## Cache variables. ##
## ---------------- ##

ac_cv_build=x86_64-pc-linux-gnu
ac_cv_c_compiler_gnu=yes
ac_cv_cxx_compiler_gnu=yes
ac_cv_env_CCC_set=
ac_cv_env_CCC_value=
ac_cv_env_CC_set=
ac_cv_env_CC_value=
ac_cv_env_CFLAGS_set=
ac_cv_env_CFLAGS_value=
ac_cv_env_CPPFLAGS_set=
ac_cv_env_CPPFLAGS_value=
ac_cv_env_CPP_set=
ac_cv_env_CPP_value=
ac_cv_env_CXXCPP_set=
ac_cv_env_CXXCPP_value=
ac_cv_env_CXXFLAGS_set=
ac_cv_env_CXXFLAGS_value=
ac_cv_env_CXX_set=
ac_cv_env_CXX_value=
ac_cv_env_GTHREAD_CFLAGS_set=
ac_cv_env_GTHREAD_CFLAGS_value=
ac_cv_env_GTHREAD_LIBS_set=
ac_cv_env_GTHREAD_LIBS_value=
ac_cv_env_GTKMM_CFLAGS_set=
ac_cv_env_GTKMM_CFLAGS_value=
ac_cv_env_GTKMM_LIBS_set=
ac_cv_env_GTKMM_LIBS_value=
ac_cv_env_LDFLAGS_set=
ac_cv_env_LDFLAGS_value=
ac_cv_env_LIBS_set=
ac_cv_env_LIBS_value=
ac_cv_env_LT_SYS_LIBRARY_PATH_set=
ac_cv_env_LT_SYS_LIBRARY_PATH_value=
ac_cv_env_PKG_CONFIG_LIBDIR_set=
ac_cv_env_PKG_CONFIG_LIBDIR_value=
ac_cv_env_PKG_CONFIG_PATH_set=
ac_cv_env_PKG_CONFIG_PATH_value=
ac_cv_env_PKG_CONFIG_set=
ac_cv_env_PKG_CONFIG_value=
ac_cv_env_build_alias_set=
ac_cv_env_build_alias_value=
ac_cv_env_host_alias_set=
ac_cv_env_host_alias_value=
ac_cv_env_target_alias_set=
ac_cv_env_target_alias_value=
ac_cv_func_bind_textdomain_codeset=yes
ac_cv_header_dlfcn_h=yes
ac_cv_header_inttypes_h=yes
ac_cv_header_libintl_h=yes
ac_cv_header_locale_h=yes
ac_cv_header_memory_h=yes
ac_cv_header_stdc=yes
ac_cv_header_stdint_h=yes
ac_cv_header_stdlib_h=yes
ac_cv_header_string_h=yes
ac_cv_header_strings_h=yes
ac_cv_header_sys_stat_h=yes
ac_cv_header_sys_types_h=yes
ac_cv_header_unistd_h=yes
ac_cv_host=x86_64-pc-linux-gnu
ac_cv_objext=o
ac_cv_path_EGREP='/bin/grep -E'
ac_cv_path_FGREP='/bin/grep -F'
ac_cv_path_GREP=/bin/grep
ac_cv_path_MSGFMT=no
ac_cv_path_SED=/bin/sed
ac_cv_path_ac_pt_PKG_CONFIG=/usr/bin/pkg-config
ac_cv_path_install='/usr/bin/install -c'
ac_cv_path_lt_DD=/bin/dd
ac_cv_path_mkdir=/bin/mkdir
ac_cv_prog_AWK=gawk
ac_cv_prog_CPP='gcc -E'
ac_cv_prog_CXXCPP='g++ -E'
ac_cv_prog_ac_ct_AR=ar
ac_cv_prog_ac_ct_CC=gcc
ac_cv_prog_ac_ct_CXX=g++
ac_cv_prog_ac_ct_MANIFEST_TOOL=mt
ac_cv_prog_ac_ct_OBJDUMP=objdump
ac_cv_prog_ac_ct_RANLIB=ranlib
ac_cv_prog_ac_ct_STRIP=strip
ac_cv_prog_cc_c89=
ac_cv_prog_cc_g=yes
ac_cv_prog_cxx_g=yes
ac_cv_prog_make_make_set=yes
am_cv_CC_dependencies_compiler_type=gcc3
am_cv_CXX_dependencies_compiler_type=gcc3
am_cv_make_support_nested_variables=yes
am_cv_prog_cc_c_o=yes
am_cv_val_LC_MESSAGES=yes
gt_cv_func_dgettext_libc=yes
gt_cv_func_dgettext_libintl=no
gt_cv_func_ngettext_libc=yes
gt_cv_have_gettext=no
lt_cv_ar_at_file=@
lt_cv_archive_cmds_need_lc=no
lt_cv_deplibs_check_method=pass_all
lt_cv_file_magic_cmd='$MAGIC_CMD'
lt_cv_file_magic_test_file=
lt_cv_ld_reload_flag=-r
lt_cv_nm_interface='BSD nm'
lt_cv_objdir=.libs
lt_cv_path_LD=/usr/bin/ld
lt_cv_path_LDCXX='/usr/bin/ld -m elf_x86_64'
lt_cv_path_NM='/usr/bin/nm -B'
lt_cv_path_mainfest_tool=no
lt_cv_prog_compiler_c_o=yes
lt_cv_prog_compiler_c_o_CXX=yes
lt_cv_prog_compiler_pic='-fPIC -DPIC'
lt_cv_prog_compiler_pic_CXX='-fPIC -DPIC'
lt_cv_prog_compiler_pic_works=yes
lt_cv_prog_compiler_pic_works_CXX=yes
lt_cv_prog_compiler_rtti_exceptions=no
lt_cv_prog_compiler_static_works=yes
lt_cv_prog_compiler_static_works_CXX=yes
lt_cv_prog_gnu_ld=yes
lt_cv_prog_gnu_ldcxx=yes
lt_cv_sharedlib_from_linklib_cmd='printf %s\n'
lt_cv_shlibpath_overrides_runpath=yes
lt_cv_sys_global_symbol_pipe='sed -n -e '\''s/^.*[	 ]\([ABCDGIRSTW][ABCDGIRSTW]*\)[	 ][	 ]*\([_A-Za-z][_A-Za-z0-9]*\)$/\1 \2 \2/p'\'' | sed '\''/ __gnu_lto/d'\'''
lt_cv_sys_global_symbol_to_c_name_address='sed -n -e '\''s/^: \(.*\) .*$/  {"\1", (void *) 0},/p'\'' -e '\''s/^[ABCDGIRSTW][ABCDGIRSTW]* .* \(.*\)$/  {"\1", (void *) \&\1},/p'\'''
lt_cv_sys_global_symbol_to_c_name_address_lib_prefix='sed -n -e '\''s/^: \(.*\) .*$/  {"\1", (void *) 0},/p'\'' -e '\''s/^[ABCDGIRSTW][ABCDGIRSTW]* .* \(lib.*\)$/  {"\1", (void *) \&\1},/p'\'' -e '\''s/^[ABCDGIRSTW][ABCDGIRSTW]* .* \(.*\)$/  {"lib\1", (void *) \&\1},/p'\'''
lt_cv_sys_global_symbol_to_cdecl='sed -n -e '\''s/^T .* \(.*\)$/extern int \1();/p'\'' -e '\''s/^[ABCDGIRSTW][ABCDGIRSTW]* .* \(.*\)$/extern char \1;/p'\'''
lt_cv_sys_global_symbol_to_import=
lt_cv_sys_max_cmd_len=1572864
lt_cv_to_host_file_cmd=func_convert_file_noop
lt_cv_to_tool_file_cmd=func_convert_file_noop
lt_cv_truncate_bin='/bin/dd bs=4096 count=1'

## ----------------- ##
## Output variables. ##
## ----------------- ##

ACLOCAL='${SHELL} /home/mte/.env/files/gparted-0.31.0/missing aclocal-1.15'
ALL_LINGUAS=''
AMDEPBACKSLASH='\'
AMDEP_FALSE='#'
AMDEP_TRUE=''
AMTAR='$${TAR-tar}'
AM_BACKSLASH='\'
AM_DEFAULT_V='$(AM_DEFAULT_VERBOSITY)'
AM_DEFAULT_VERBOSITY='1'
AM_V='$(V)'
AR='ar'
AUTOCONF='${SHELL} /home/mte/.env/files/gparted-0.31.0/missing autoconf'
AUTOHEADER='${SHELL} /home/mte/.env/files/gparted-0.31.0/missing autoheader'
AUTOMAKE='${SHELL} /home/mte/.env/files/gparted-0.31.0/missing automake-1.15'
AWK='gawk'
BUILD_HELP_DOC_FALSE=''
BUILD_HELP_DOC_TRUE=''
CATALOGS=''
CATOBJEXT='NONE'
CC='gcc'
CCDEPMODE='depmode=gcc3'
CFLAGS='-g -O2'
CPP='gcc -E'
CPPFLAGS=''
CXX='g++'
CXXCPP='g++ -E'
CXXDEPMODE='depmode=gcc3'
CXXFLAGS='-g -O2'
CYGPATH_W='echo'
DATADIRNAME=''
DEFS=''
DEPDIR='.deps'
DISTCHECK_CONFIGURE_FLAGS=''
DLLTOOL='false'
DOC_USER_FORMATS=''
DSYMUTIL=''
DUMPBIN=''
ECHO_C=''
ECHO_N='-n'
ECHO_T=''
EGREP='/bin/grep -E'
ENABLE_SK_FALSE=''
ENABLE_SK_TRUE=''
ENABLE_XHOST_ROOT=''
EXEEXT=''
FGREP='/bin/grep -F'
GETTEXT_PACKAGE='gparted'
GKSUPROG='pkexec --disable-internal-agent'
GMOFILES=''
GMSGFMT=''
GREP='/bin/grep'
GTEST_CPPFLAGS=''
GTEST_CXXFLAGS=''
GTEST_LDFLAGS=''
GTEST_LIBS=''
GTHREAD_CFLAGS=''
GTHREAD_LIBS=''
GTKMM_CFLAGS=''
GTKMM_LIBS=''
HAVE_CXX11=''
HAVE_GNOME_DOC_UTILS_FALSE=''
HAVE_GNOME_DOC_UTILS_TRUE=''
HELP_DIR=''
INSTALL_DATA='${INSTALL} -m 644'
INSTALL_PIXMAPS_DIR_FALSE=''
INSTALL_PIXMAPS_DIR_TRUE=''
INSTALL_POLKIT_ACTIONS_FALSE='#'
INSTALL_POLKIT_ACTIONS_TRUE=''
INSTALL_PROGRAM='${INSTALL}'
INSTALL_SCRIPT='${INSTALL}'
INSTALL_STRIP_PROGRAM='$(install_sh) -c -s'
INSTOBJEXT=''
INTLLIBS=''
INTLTOOL_CAVES_RULE=''
INTLTOOL_DESKTOP_RULE=''
INTLTOOL_DIRECTORY_RULE=''
INTLTOOL_EXTRACT=''
INTLTOOL_KBD_RULE=''
INTLTOOL_KEYS_RULE=''
INTLTOOL_MERGE=''
INTLTOOL_OAF_RULE=''
INTLTOOL_PERL=''
INTLTOOL_POLICY_RULE=''
INTLTOOL_PONG_RULE=''
INTLTOOL_PROP_RULE=''
INTLTOOL_SCHEMAS_RULE=''
INTLTOOL_SERVER_RULE=''
INTLTOOL_SERVICE_RULE=''
INTLTOOL_SHEET_RULE=''
INTLTOOL_SOUNDLIST_RULE=''
INTLTOOL_THEME_RULE=''
INTLTOOL_UI_RULE=''
INTLTOOL_UPDATE=''
INTLTOOL_V_MERGE=''
INTLTOOL_V_MERGE_OPTIONS=''
INTLTOOL_XAM_RULE=''
INTLTOOL_XML_NOMERGE_RULE=''
INTLTOOL_XML_RULE=''
INTLTOOL__v_MERGE_0=''
INTLTOOL__v_MERGE_=''
LD='/usr/bin/ld -m elf_x86_64'
LDFLAGS=''
LIBOBJS=''
LIBS=''
LIBTOOL='$(SHELL) $(top_builddir)/libtool'
LIPO=''
LN_S='ln -s'
LTLIBOBJS=''
LT_SYS_LIBRARY_PATH=''
MAINT='#'
MAINTAINER_MODE_FALSE=''
MAINTAINER_MODE_TRUE='#'
MAKEINFO='${SHELL} /home/mte/.env/files/gparted-0.31.0/missing makeinfo'
MANIFEST_TOOL=':'
MKDIR_P='/bin/mkdir -p'
MKINSTALLDIRS='./mkinstalldirs'
MSGFMT='no'
MSGFMT_OPTS=''
MSGMERGE=''
NM='/usr/bin/nm -B'
NMEDIT=''
OBJDUMP='objdump'
OBJEXT='o'
OMF_DIR=''
OTOOL64=''
OTOOL=''
PACKAGE='gparted'
PACKAGE_BUGREPORT='https://bugzilla.gnome.org/enter_bug.cgi?product=gparted'
PACKAGE_NAME='gparted'
PACKAGE_STRING='gparted 0.31.0'
PACKAGE_TARNAME='gparted'
PACKAGE_URL=''
PACKAGE_VERSION='0.31.0'
PATH_SEPARATOR=':'
PKG_CONFIG='/usr/bin/pkg-config'
PKG_CONFIG_LIBDIR=''
PKG_CONFIG_PATH=''
POFILES=''
POSUB='po'
PO_IN_DATADIR_FALSE=''
PO_IN_DATADIR_TRUE=''
RANLIB='ranlib'
SED='/bin/sed'
SET_MAKE=''
SHELL='/bin/bash'
STRIP='strip'
USE_NLS='yes'
VERSION='0.31.0'
XGETTEXT=':'
ac_ct_AR='ar'
ac_ct_CC='gcc'
ac_ct_CXX='g++'
ac_ct_DUMPBIN=''
am__EXEEXT_FALSE=''
am__EXEEXT_TRUE=''
am__fastdepCC_FALSE='#'
am__fastdepCC_TRUE=''
am__fastdepCXX_FALSE='#'
am__fastdepCXX_TRUE=''
am__include='include'
am__isrc=''
am__leading_dot='.'
am__nodep='_no'
am__quote=''
am__tar='$${TAR-tar} chof - "$$tardir"'
am__untar='$${TAR-tar} xf -'
bindir='${exec_prefix}/bin'
build='x86_64-pc-linux-gnu'
build_alias=''
build_cpu='x86_64'
build_os='linux-gnu'
build_vendor='pc'
datadir='${datarootdir}'
datarootdir='${prefix}/share'
docdir='${datarootdir}/doc/${PACKAGE_TARNAME}'
dvidir='${docdir}'
exec_prefix='NONE'
have_scrollkeeper_update=''
host='x86_64-pc-linux-gnu'
host_alias=''
host_cpu='x86_64'
host_os='linux-gnu'
host_vendor='pc'
htmldir='${docdir}'
includedir='${prefix}/include'
infodir='${datarootdir}/info'
install_sh='${SHELL} /home/mte/.env/files/gparted-0.31.0/install-sh'
intltool__v_merge_options_0=''
intltool__v_merge_options_=''
libdir='${exec_prefix}/lib'
libexecdir='${exec_prefix}/libexec'
localedir='${datarootdir}/locale'
localstatedir='${prefix}/var'
mandir='${datarootdir}/man'
mkdir_p='$(MKDIR_P)'
oldincludedir='/usr/include'
pdfdir='${docdir}'
prefix='NONE'
program_transform_name='s,x,x,'
psdir='${docdir}'
runstatedir='${localstatedir}/run'
sbindir='${exec_prefix}/sbin'
sharedstatedir='${prefix}/com'
sysconfdir='${prefix}/etc'
target_alias=''

## ----------- ##
## confdefs.h. ##
## ----------- ##

/* confdefs.h */
#define PACKAGE_NAME "gparted"
#define PACKAGE_TARNAME "gparted"
#define PACKAGE_VERSION "0.31.0"
#define PACKAGE_STRING "gparted 0.31.0"
#define PACKAGE_BUGREPORT "https://bugzilla.gnome.org/enter_bug.cgi?product=gparted"
#define PACKAGE_URL ""
#define PACKAGE "gparted"
#define VERSION "0.31.0"
#define STDC_HEADERS 1
#define HAVE_SYS_TYPES_H 1
#define HAVE_SYS_STAT_H 1
#define HAVE_STDLIB_H 1
#define HAVE_STRING_H 1
#define HAVE_MEMORY_H 1
#define HAVE_STRINGS_H 1
#define HAVE_INTTYPES_H 1
#define HAVE_STDINT_H 1
#define HAVE_UNISTD_H 1
#define HAVE_DLFCN_H 1
#define LT_OBJDIR ".libs/"
#define GETTEXT_PACKAGE "gparted"
#define HAVE_LOCALE_H 1
#define HAVE_LC_MESSAGES 1
#define HAVE_BIND_TEXTDOMAIN_CODESET 1
#define HAVE_GETTEXT 1

configure: exit 1
